<?xml version="1.0" encoding="UTF-8"?>
<!-- Generated by org.testng.reporters.JUnitReportReporter -->
<testsuite hostname="DESKTOP-RLFSTK2" failures="0" tests="1" name="com.stepDef.Employee" time="0.014" errors="0" timestamp="2023-11-30T16:19:00 IST" skipped="0">
  <testcase classname="com.stepDef.Employee" name="firstMethod" time="0.014"/>
</testsuite> <!-- com.stepDef.Employee -->
